INFO     2219643 – đã lưu jp.txt & vi.txt
INFO     2220142 – đã lưu jp.txt & vi.txt
WARNING  2220142 – thiếu slide 15
INFO     2220141 – đã lưu jp.txt & vi.txt
WARNING  2220141 – thiếu slide 15
INFO     2220144 – đã lưu jp.txt & vi.txt
WARNING  2220144 – thiếu slide 14
WARNING  2220144 – thiếu slide 15
INFO     2220143 – đã lưu jp.txt & vi.txt
WARNING  2220143 – thiếu slide 14
WARNING  2220143 – thiếu slide 15
INFO     2219645 – đã lưu jp.txt & vi.txt
WARNING  2219645 – thiếu slide 11
WARNING  2219645 – thiếu slide 12
WARNING  2219645 – thiếu slide 13
WARNING  2219645 – thiếu slide 14
WARNING  2219645 – thiếu slide 15
INFO     2220152 – đã lưu jp.txt & vi.txt
WARNING  2220152 – thiếu slide 8
WARNING  2220152 – thiếu slide 9
WARNING  2220152 – thiếu slide 10
WARNING  2220152 – thiếu slide 11
WARNING  2220152 – thiếu slide 12
WARNING  2220152 – thiếu slide 13
WARNING  2220152 – thiếu slide 14
WARNING  2220152 – thiếu slide 15
INFO     2220151 – đã lưu jp.txt & vi.txt
WARNING  2220151 – thiếu slide 6
WARNING  2220151 – thiếu slide 7
WARNING  2220151 – thiếu slide 8
WARNING  2220151 – thiếu slide 9
WARNING  2220151 – thiếu slide 10
WARNING  2220151 – thiếu slide 11
WARNING  2220151 – thiếu slide 12
WARNING  2220151 – thiếu slide 13
WARNING  2220151 – thiếu slide 14
WARNING  2220151 – thiếu slide 15
INFO     2219642 – đã lưu jp.txt & vi.txt
WARNING  2219642 – thiếu slide 11
WARNING  2219642 – thiếu slide 12
WARNING  2219642 – thiếu slide 13
WARNING  2219642 – thiếu slide 14
WARNING  2219642 – thiếu slide 15
INFO     2218351 – đã lưu jp.txt & vi.txt
INFO     2219647 – đã lưu jp.txt & vi.txt
INFO     2221376 – đã lưu jp.txt & vi.txt
WARNING  2221376 – thiếu slide 5
WARNING  2221376 – thiếu slide 6
WARNING  2221376 – thiếu slide 7
WARNING  2221376 – thiếu slide 8
WARNING  2221376 – thiếu slide 9
WARNING  2221376 – thiếu slide 10
WARNING  2221376 – thiếu slide 11
WARNING  2221376 – thiếu slide 12
WARNING  2221376 – thiếu slide 13
WARNING  2221376 – thiếu slide 14
WARNING  2221376 – thiếu slide 15
INFO     2221375 – đã lưu jp.txt & vi.txt
WARNING  2221375 – thiếu slide 4
WARNING  2221375 – thiếu slide 5
WARNING  2221375 – thiếu slide 6
WARNING  2221375 – thiếu slide 7
WARNING  2221375 – thiếu slide 8
WARNING  2221375 – thiếu slide 9
WARNING  2221375 – thiếu slide 10
WARNING  2221375 – thiếu slide 11
WARNING  2221375 – thiếu slide 12
WARNING  2221375 – thiếu slide 13
WARNING  2221375 – thiếu slide 14
WARNING  2221375 – thiếu slide 15
INFO     2219644 – đã lưu jp.txt & vi.txt
WARNING  2219644 – thiếu slide 12
WARNING  2219644 – thiếu slide 13
WARNING  2219644 – thiếu slide 14
WARNING  2219644 – thiếu slide 15
INFO     2219646 – đã lưu jp.txt & vi.txt
WARNING  2219646 – thiếu slide 10
WARNING  2219646 – thiếu slide 11
WARNING  2219646 – thiếu slide 12
WARNING  2219646 – thiếu slide 13
WARNING  2219646 – thiếu slide 14
WARNING  2219646 – thiếu slide 15
INFO     2219643 – xong slide 3
INFO     2219643 – xong slide 9
INFO     2219643 – xong slide 11
INFO     2219643 – xong slide 13
INFO     2219643 – xong slide 8
INFO     2219643 – xong slide 6
INFO     2219643 – xong slide 1
INFO     2219643 – xong slide 12
INFO     2219643 – xong slide 14
INFO     2219643 – xong slide 4
INFO     2219643 – xong slide 7
INFO     2219643 – xong slide 5
INFO     2219643 – xong slide 10
INFO     2219643 – xong slide 2
INFO     2219643 – xong slide 15
INFO     2220142 – xong slide 7
INFO     2220142 – xong slide 2
INFO     2220142 – xong slide 12
INFO     2220142 – xong slide 10
INFO     2220142 – xong slide 5
INFO     2220142 – xong slide 8
INFO     2220142 – xong slide 9
INFO     2220142 – xong slide 3
INFO     2220142 – xong slide 13
INFO     2220142 – xong slide 6
INFO     2220141 – xong slide 3
WARNING  2220142 – slide 14 HTTP 403
INFO     2220142 – xong slide 11
INFO     2220141 – xong slide 12
INFO     2220142 – xong slide 4
INFO     2220141 – xong slide 4
INFO     2220141 – xong slide 10
INFO     2220141 – xong slide 11
INFO     2220141 – xong slide 2
INFO     2220142 – xong slide 1
INFO     2220141 – xong slide 5
INFO     2220141 – xong slide 9
INFO     2220141 – xong slide 13
INFO     2220141 – xong slide 6
INFO     2220144 – xong slide 5
INFO     2220144 – xong slide 6
INFO     2220144 – xong slide 11
INFO     2220141 – xong slide 7
INFO     2220144 – xong slide 13
INFO     2220144 – xong slide 8
INFO     2220141 – xong slide 1
INFO     2220144 – xong slide 9
INFO     2220141 – xong slide 8
INFO     2220144 – xong slide 2
INFO     2220144 – xong slide 3
INFO     2220144 – xong slide 10
INFO     2220144 – xong slide 12
INFO     2220144 – xong slide 4
INFO     2220143 – xong slide 8
INFO     2220143 – xong slide 3
INFO     2220141 – xong slide 14
INFO     2220143 – xong slide 2
INFO     2220143 – xong slide 13
INFO     2220143 – xong slide 6
INFO     2220143 – xong slide 11
INFO     2220144 – xong slide 7
INFO     2220143 – xong slide 4
INFO     2220143 – xong slide 9
INFO     2220143 – xong slide 12
INFO     2220143 – xong slide 10
INFO     2220143 – xong slide 5
INFO     2220143 – xong slide 7
INFO     2220144 – xong slide 1
INFO     2220143 – xong slide 1
INFO     2219645 – xong slide 3
INFO     2219645 – xong slide 1
INFO     2219645 – xong slide 8
INFO     2219645 – xong slide 10
INFO     2219645 – xong slide 5
INFO     2219645 – xong slide 6
INFO     2219645 – xong slide 4
INFO     2219645 – xong slide 2
INFO     2220152 – xong slide 2
INFO     2219645 – xong slide 9
INFO     2219645 – xong slide 7
INFO     2220152 – xong slide 7
INFO     2220152 – xong slide 5
INFO     2220152 – xong slide 1
INFO     2220152 – xong slide 3
INFO     2220152 – xong slide 6
INFO     2220152 – xong slide 4
INFO     2220151 – xong slide 2
INFO     2220151 – xong slide 5
INFO     2220151 – xong slide 3
INFO     2220151 – xong slide 4
INFO     2220151 – xong slide 1
INFO     2219642 – xong slide 5
INFO     2219642 – xong slide 8
INFO     2219642 – xong slide 10
INFO     2219642 – xong slide 3
INFO     2219642 – xong slide 1
INFO     2219642 – xong slide 6
INFO     2219642 – xong slide 4
INFO     2219642 – xong slide 7
INFO     2219642 – xong slide 9
INFO     2219642 – xong slide 2
INFO     2218351 – xong slide 13
INFO     2218351 – xong slide 8
INFO     2218351 – xong slide 4
INFO     2218351 – xong slide 11
INFO     2218351 – xong slide 5
INFO     2218351 – xong slide 7
INFO     2218351 – xong slide 9
INFO     2218351 – xong slide 1
INFO     2218351 – xong slide 14
INFO     2218351 – xong slide 2
INFO     2218351 – xong slide 12
INFO     2218351 – xong slide 3
INFO     2218351 – xong slide 10
INFO     2218351 – xong slide 6
INFO     2218351 – xong slide 15
INFO     2219647 – xong slide 13
INFO     2219647 – xong slide 9
INFO     2219647 – xong slide 8
INFO     2219647 – xong slide 6
INFO     2219647 – xong slide 2
INFO     2219647 – xong slide 10
INFO     2219647 – xong slide 12
INFO     2219647 – xong slide 11
INFO     2219647 – xong slide 15
INFO     2219647 – xong slide 1
INFO     2219647 – xong slide 14
INFO     2219647 – xong slide 7
INFO     2219647 – xong slide 3
INFO     2219647 – xong slide 5
INFO     2221376 – xong slide 3
INFO     2221376 – xong slide 1
INFO     2219647 – xong slide 4
INFO     2221375 – xong slide 3
INFO     2221376 – xong slide 2
INFO     2221376 – xong slide 4
INFO     2219644 – xong slide 5
INFO     2221375 – xong slide 2
INFO     2221375 – xong slide 1
INFO     2219644 – xong slide 10
INFO     2219644 – xong slide 3
INFO     2219644 – xong slide 8
INFO     2219644 – xong slide 6
INFO     2219644 – xong slide 4
INFO     2219644 – xong slide 11
INFO     2219644 – xong slide 1
INFO     2219644 – xong slide 9
INFO     2219644 – xong slide 7
INFO     2219644 – xong slide 2
INFO     2219646 – xong slide 1
INFO     2219646 – xong slide 4
INFO     2219646 – xong slide 9
INFO     2219646 – xong slide 2
INFO     2219646 – xong slide 5
INFO     2219646 – xong slide 7
INFO     2219646 – xong slide 3
INFO     2219646 – xong slide 6
INFO     2219646 – xong slide 8
INFO     2205816 – đã lưu jp.txt & vi.txt
WARNING  2205816 – thiếu slide 9
WARNING  2205816 – thiếu slide 10
WARNING  2205816 – thiếu slide 11
WARNING  2205816 – thiếu slide 12
WARNING  2205816 – thiếu slide 13
WARNING  2205816 – thiếu slide 14
WARNING  2205816 – thiếu slide 15
ERROR    2205814 – HTTP 404
ERROR    2027053 – HTTP 404
INFO     2205812 – đã lưu jp.txt & vi.txt
WARNING  2205812 – thiếu slide 9
WARNING  2205812 – thiếu slide 10
WARNING  2205812 – thiếu slide 11
WARNING  2205812 – thiếu slide 12
WARNING  2205812 – thiếu slide 13
WARNING  2205812 – thiếu slide 14
WARNING  2205812 – thiếu slide 15
INFO     2205811 – đã lưu jp.txt & vi.txt
WARNING  2205811 – thiếu slide 5
WARNING  2205811 – thiếu slide 8
WARNING  2205811 – thiếu slide 9
WARNING  2205811 – thiếu slide 10
WARNING  2205811 – thiếu slide 11
WARNING  2205811 – thiếu slide 12
WARNING  2205811 – thiếu slide 13
WARNING  2205811 – thiếu slide 14
WARNING  2205811 – thiếu slide 15
INFO     2207047 – đã lưu jp.txt & vi.txt
WARNING  2207047 – thiếu slide 12
WARNING  2207047 – thiếu slide 13
WARNING  2207047 – thiếu slide 14
WARNING  2207047 – thiếu slide 15
INFO     2206794 – đã lưu jp.txt & vi.txt
WARNING  2206794 – thiếu slide 2
WARNING  2206794 – thiếu slide 10
WARNING  2206794 – thiếu slide 11
WARNING  2206794 – thiếu slide 12
WARNING  2206794 – thiếu slide 13
WARNING  2206794 – thiếu slide 14
WARNING  2206794 – thiếu slide 15
INFO     2205813 – đã lưu jp.txt & vi.txt
WARNING  2205813 – thiếu slide 15
INFO     2206793 – đã lưu jp.txt & vi.txt
WARNING  2206793 – thiếu slide 10
WARNING  2206793 – thiếu slide 11
WARNING  2206793 – thiếu slide 12
WARNING  2206793 – thiếu slide 13
WARNING  2206793 – thiếu slide 14
WARNING  2206793 – thiếu slide 15
INFO     2205815 – đã lưu jp.txt & vi.txt
WARNING  2205815 – thiếu slide 8
WARNING  2205815 – thiếu slide 9
WARNING  2205815 – thiếu slide 10
WARNING  2205815 – thiếu slide 11
WARNING  2205815 – thiếu slide 12
WARNING  2205815 – thiếu slide 13
WARNING  2205815 – thiếu slide 14
WARNING  2205815 – thiếu slide 15
INFO     2206796 – đã lưu jp.txt & vi.txt
WARNING  2206796 – thiếu slide 9
WARNING  2206796 – thiếu slide 10
WARNING  2206796 – thiếu slide 11
WARNING  2206796 – thiếu slide 12
WARNING  2206796 – thiếu slide 13
WARNING  2206796 – thiếu slide 14
WARNING  2206796 – thiếu slide 15
INFO     2205816 – xong slide 3
INFO     2205816 – xong slide 8
INFO     2205816 – xong slide 1
INFO     2205816 – xong slide 5
INFO     2205816 – xong slide 6
INFO     2205812 – xong slide 1
INFO     2205816 – xong slide 4
INFO     2207151 – đã lưu jp.txt & vi.txt
INFO     2205816 – xong slide 2
INFO     2206748 – đã lưu jp.txt & vi.txt
INFO     2205816 – xong slide 7
INFO     2207040 – đã lưu jp.txt & vi.txt
INFO     2205812 – xong slide 4
INFO     2205812 – xong slide 2
INFO     2205812 – xong slide 6
INFO     2205812 – xong slide 5
INFO     2205812 – xong slide 8
INFO     2205811 – xong slide 3
INFO     2205812 – xong slide 3
INFO     2205811 – xong slide 7
INFO     2205811 – xong slide 1
INFO     2205812 – xong slide 7
INFO     2205811 – xong slide 4
INFO     2205811 – xong slide 2
INFO     2207047 – xong slide 3
INFO     2205811 – xong slide 6
INFO     2207047 – xong slide 4
INFO     2207047 – xong slide 5
INFO     2207047 – xong slide 9
INFO     2207047 – xong slide 6
INFO     2207047 – xong slide 7
INFO     2207047 – xong slide 11
INFO     2207047 – xong slide 2
INFO     2207047 – xong slide 10
INFO     2207047 – xong slide 8
INFO     2206794 – xong slide 1
INFO     2206794 – xong slide 4
INFO     2207047 – xong slide 1
INFO     2206794 – xong slide 3
INFO     2206794 – xong slide 6
INFO     2206794 – xong slide 8
INFO     2206794 – xong slide 9
INFO     2206794 – xong slide 5
INFO     2206794 – xong slide 7
INFO     2205813 – xong slide 6
INFO     2205813 – xong slide 14
INFO     2205813 – xong slide 9
INFO     2205813 – xong slide 7
INFO     2205813 – xong slide 11
INFO     2205813 – xong slide 5
INFO     2205813 – xong slide 2
INFO     2205813 – xong slide 4
INFO     2205813 – xong slide 3
INFO     2205813 – xong slide 12
INFO     2205813 – xong slide 1
INFO     2205813 – xong slide 10
INFO     2206793 – xong slide 2
INFO     2205813 – xong slide 8
INFO     2205813 – xong slide 13
INFO     2206793 – xong slide 6
INFO     2206793 – xong slide 5
INFO     2206793 – xong slide 7
INFO     2206793 – xong slide 1
INFO     2206793 – xong slide 4
INFO     2206793 – xong slide 3
INFO     2206793 – xong slide 9
INFO     2206793 – xong slide 8
INFO     2205815 – xong slide 1
INFO     2205815 – xong slide 4
INFO     2205815 – xong slide 5
INFO     2205815 – xong slide 3
INFO     2205815 – xong slide 7
INFO     2205815 – xong slide 6
INFO     2205815 – xong slide 2
INFO     2206796 – xong slide 8
INFO     2206796 – xong slide 1
INFO     2206796 – xong slide 3
INFO     2206796 – xong slide 6
INFO     2206796 – xong slide 2
INFO     2206796 – xong slide 4
INFO     2206796 – xong slide 7
INFO     2207151 – xong slide 1
INFO     2206796 – xong slide 5
INFO     2207151 – xong slide 11
INFO     2207151 – xong slide 12
INFO     2207151 – xong slide 4
INFO     2207151 – xong slide 2
INFO     2207151 – xong slide 15
INFO     2207151 – xong slide 8
INFO     2207151 – xong slide 6
INFO     2207151 – xong slide 3
INFO     2207151 – xong slide 7
INFO     2207151 – xong slide 13
INFO     2207151 – xong slide 5
INFO     2207151 – xong slide 10
INFO     2207151 – xong slide 14
INFO     2206748 – xong slide 10
INFO     2207151 – xong slide 9
INFO     2206748 – xong slide 12
INFO     2206748 – xong slide 4
INFO     2206748 – xong slide 8
INFO     2206748 – xong slide 11
INFO     2206748 – xong slide 7
INFO     2206748 – xong slide 5
INFO     2206748 – xong slide 2
INFO     2206748 – xong slide 14
INFO     2206748 – xong slide 9
INFO     2206748 – xong slide 6
INFO     2206748 – xong slide 1
INFO     2206748 – xong slide 13
INFO     2206748 – xong slide 3
INFO     2206748 – xong slide 15
INFO     2207040 – xong slide 10
INFO     2207040 – xong slide 7
INFO     2207040 – xong slide 8
INFO     2207040 – xong slide 1
INFO     2207040 – xong slide 4
INFO     2207040 – xong slide 14
INFO     2207040 – xong slide 5
INFO     2207040 – xong slide 2
INFO     2207040 – xong slide 13
INFO     2207040 – xong slide 15
INFO     2207040 – xong slide 3
INFO     2207040 – xong slide 12
INFO     2207040 – xong slide 11
INFO     2207040 – xong slide 9
INFO     2207040 – xong slide 6
INFO     2220524 – đã lưu jp.txt & vi.txt
INFO     2220524 – xong slide 12
INFO     2220524 – xong slide 14
INFO     2220524 – xong slide 11
INFO     2220524 – xong slide 3
INFO     2220524 – xong slide 10
INFO     2220524 – xong slide 8
INFO     2220524 – xong slide 2
INFO     2220524 – xong slide 5
INFO     2220524 – xong slide 7
INFO     2220524 – xong slide 13
INFO     2220524 – xong slide 15
INFO     2220524 – xong slide 9
INFO     2220524 – xong slide 4
INFO     2220524 – xong slide 1
INFO     2220524 – xong slide 6
ERROR    221068 – HTTP 404
INFO     2218856 – đã lưu jp.txt & vi.txt
WARNING  2218856 – thiếu slide 9
WARNING  2218856 – thiếu slide 10
WARNING  2218856 – thiếu slide 11
WARNING  2218856 – thiếu slide 12
WARNING  2218856 – thiếu slide 13
WARNING  2218856 – thiếu slide 14
WARNING  2218856 – thiếu slide 15
INFO     2218854 – đã lưu jp.txt & vi.txt
WARNING  2218854 – thiếu slide 12
WARNING  2218854 – thiếu slide 13
WARNING  2218854 – thiếu slide 14
WARNING  2218854 – thiếu slide 15
INFO     2218855 – đã lưu jp.txt & vi.txt
WARNING  2218855 – thiếu slide 9
WARNING  2218855 – thiếu slide 10
WARNING  2218855 – thiếu slide 11
WARNING  2218855 – thiếu slide 12
WARNING  2218855 – thiếu slide 13
WARNING  2218855 – thiếu slide 14
WARNING  2218855 – thiếu slide 15
INFO     2218856 – xong slide 4
INFO     2218856 – xong slide 1
INFO     2218856 – xong slide 3
INFO     2218856 – xong slide 5
INFO     2218856 – xong slide 2
INFO     2218854 – xong slide 8
INFO     2218856 – xong slide 8
INFO     2218856 – xong slide 6
INFO     2218854 – xong slide 9
INFO     2218854 – xong slide 3
INFO     2218854 – xong slide 11
INFO     2218854 – xong slide 7
INFO     2218854 – xong slide 1
INFO     2218854 – xong slide 4
INFO     2218854 – xong slide 5
INFO     2218856 – xong slide 7
INFO     2218854 – xong slide 10
INFO     2218854 – xong slide 6
INFO     2218855 – xong slide 7
INFO     2218855 – xong slide 4
INFO     2218855 – xong slide 1
INFO     2218854 – xong slide 2
INFO     2218855 – xong slide 2
INFO     2218855 – xong slide 6
INFO     2218855 – xong slide 3
INFO     2218855 – xong slide 5
INFO     2218855 – xong slide 8
WARNING  2000038934 – không tìm <ul>
WARNING  2000038934 – thiếu slide 15
INFO     2000038934 – xong slide 5
INFO     2000038934 – xong slide 13
INFO     2000038934 – xong slide 10
INFO     2000038934 – xong slide 3
INFO     2000038934 – xong slide 1
INFO     2000038934 – xong slide 6
INFO     2000038934 – xong slide 8
INFO     2000038934 – xong slide 2
INFO     2000038934 – xong slide 11
INFO     2000038934 – xong slide 9
INFO     2000038934 – xong slide 4
INFO     2000038934 – xong slide 7
INFO     2000038934 – xong slide 14
INFO     2000038934 – xong slide 12
WARNING  2000026788 – không tìm <ul>
WARNING  2000026788 – thiếu slide 7
WARNING  2000026788 – thiếu slide 8
WARNING  2000026788 – thiếu slide 9
WARNING  2000026788 – thiếu slide 10
WARNING  2000026788 – thiếu slide 11
WARNING  2000026788 – thiếu slide 12
WARNING  2000026788 – thiếu slide 13
WARNING  2000026788 – thiếu slide 14
WARNING  2000026788 – thiếu slide 15
INFO     2000026788 – xong slide 1
INFO     2000026788 – xong slide 2
INFO     2000026788 – xong slide 5
INFO     2000026788 – xong slide 4
INFO     2000026788 – xong slide 3
INFO     2000026788 – xong slide 6
ERROR    2000037304 – HTTP 404
ERROR    2000028859 – HTTP 404
WARNING  2000010532 – không tìm <ul>
WARNING  2000010532 – thiếu slide 5
WARNING  2000010532 – thiếu slide 6
WARNING  2000010532 – thiếu slide 7
WARNING  2000010532 – thiếu slide 8
WARNING  2000010532 – thiếu slide 9
WARNING  2000010532 – thiếu slide 10
WARNING  2000010532 – thiếu slide 11
WARNING  2000010532 – thiếu slide 12
WARNING  2000010532 – thiếu slide 13
WARNING  2000010532 – thiếu slide 14
WARNING  2000010532 – thiếu slide 15
ERROR    2000026808 – HTTP 404
WARNING  3000000527 – không tìm <ul>
WARNING  3000000527 – thiếu slide 3
WARNING  3000000527 – thiếu slide 4
WARNING  3000000527 – thiếu slide 5
WARNING  3000000527 – thiếu slide 6
WARNING  3000000527 – thiếu slide 7
WARNING  3000000527 – thiếu slide 8
WARNING  3000000527 – thiếu slide 9
WARNING  3000000527 – thiếu slide 10
WARNING  3000000527 – thiếu slide 11
WARNING  3000000527 – thiếu slide 12
WARNING  3000000527 – thiếu slide 13
WARNING  3000000527 – thiếu slide 14
WARNING  3000000527 – thiếu slide 15
ERROR    2000062791 – HTTP 404
WARNING  2000026764 – không tìm <ul>
WARNING  2000026764 – thiếu slide 12
WARNING  2000026764 – thiếu slide 13
WARNING  2000026764 – thiếu slide 14
WARNING  2000026764 – thiếu slide 15
INFO     2219642 – đã lưu jp.txt & vi.txt
WARNING  2219642 – thiếu slide 11
WARNING  2219642 – thiếu slide 12
WARNING  2219642 – thiếu slide 13
WARNING  2219642 – thiếu slide 14
WARNING  2219642 – thiếu slide 15
INFO     2000010532 – xong slide 2
INFO     2219642 – có sẵn slide 8
INFO     2219642 – có sẵn slide 9
INFO     2219642 – có sẵn slide 7
INFO     2219642 – có sẵn slide 3
INFO     2219642 – có sẵn slide 10
INFO     2219642 – có sẵn slide 2
INFO     2219642 – có sẵn slide 6
INFO     2219642 – có sẵn slide 4
INFO     2219642 – có sẵn slide 1
INFO     2219642 – có sẵn slide 5
INFO     2219647 – đã lưu jp.txt & vi.txt
INFO     2219645 – đã lưu jp.txt & vi.txt
WARNING  2219645 – thiếu slide 11
WARNING  2219645 – thiếu slide 12
WARNING  2219645 – thiếu slide 13
WARNING  2219645 – thiếu slide 14
WARNING  2219645 – thiếu slide 15
INFO     2000010532 – xong slide 4
INFO     2219647 – có sẵn slide 7
INFO     2219647 – có sẵn slide 4
INFO     2219647 – có sẵn slide 10
INFO     2219647 – có sẵn slide 6
INFO     2219647 – có sẵn slide 12
INFO     2219647 – có sẵn slide 5
INFO     2219647 – có sẵn slide 3
INFO     2219647 – có sẵn slide 9
INFO     2219647 – có sẵn slide 14
INFO     2219647 – có sẵn slide 11
INFO     2219647 – có sẵn slide 2
INFO     2219647 – có sẵn slide 1
INFO     2219647 – có sẵn slide 13
INFO     2219647 – có sẵn slide 8
INFO     2219647 – có sẵn slide 15
INFO     2219645 – có sẵn slide 8
INFO     2219645 – có sẵn slide 6
INFO     2219645 – có sẵn slide 4
INFO     2219645 – có sẵn slide 9
INFO     2219645 – có sẵn slide 2
INFO     2219645 – có sẵn slide 7
INFO     2219645 – có sẵn slide 1
INFO     2219645 – có sẵn slide 5
INFO     2219645 – có sẵn slide 10
INFO     2219645 – có sẵn slide 3
INFO     2000010532 – xong slide 1
INFO     2000010532 – xong slide 3
INFO     2000033010 – đã lưu jp.txt & vi.txt
WARNING  2000033010 – thiếu slide 11
WARNING  2000033010 – thiếu slide 14
WARNING  2000033010 – thiếu slide 15
INFO     2000026764 – xong slide 1
INFO     2219646 – đã lưu jp.txt & vi.txt
WARNING  2219646 – thiếu slide 10
WARNING  2219646 – thiếu slide 11
WARNING  2219646 – thiếu slide 12
WARNING  2219646 – thiếu slide 13
WARNING  2219646 – thiếu slide 14
WARNING  2219646 – thiếu slide 15
INFO     3000000527 – xong slide 2
INFO     2000026764 – xong slide 5
INFO     3000000527 – xong slide 1
INFO     2219646 – có sẵn slide 1
INFO     2219646 – có sẵn slide 6
INFO     2219646 – có sẵn slide 4
INFO     2219646 – có sẵn slide 9
INFO     2219646 – có sẵn slide 5
INFO     2219646 – có sẵn slide 8
INFO     2219646 – có sẵn slide 7
INFO     2219646 – có sẵn slide 3
INFO     2219646 – có sẵn slide 2
INFO     2000026764 – xong slide 11
INFO     2000026764 – xong slide 2
INFO     2000026764 – xong slide 4
INFO     2000026764 – xong slide 7
INFO     2000026764 – xong slide 9
INFO     2000026764 – xong slide 3
INFO     2000033010 – xong slide 6
INFO     2000026764 – xong slide 6
INFO     2000026764 – xong slide 8
INFO     2000033010 – xong slide 2
INFO     2000026764 – xong slide 10
INFO     2000033010 – xong slide 1
INFO     2000033010 – xong slide 13
INFO     2000033010 – xong slide 8
INFO     2000033010 – xong slide 3
INFO     2000033010 – xong slide 5
INFO     2000033010 – xong slide 9
INFO     2000033010 – xong slide 12
INFO     2000033010 – xong slide 10
INFO     2000033010 – xong slide 7
INFO     2000033010 – xong slide 4
WARNING  2000026764 – không tìm <ul>
WARNING  2000026764 – thiếu slide 12
WARNING  2000026764 – thiếu slide 13
WARNING  2000026764 – thiếu slide 14
WARNING  2000026764 – thiếu slide 15
INFO     2000026764 – xong slide 4
INFO     2000026764 – xong slide 2
INFO     2000026764 – xong slide 7
INFO     2000026764 – xong slide 5
INFO     2000026764 – xong slide 3
INFO     2000026764 – xong slide 1
INFO     2000026764 – xong slide 9
INFO     2000026764 – xong slide 6
INFO     2000026764 – xong slide 8
INFO     2000026764 – xong slide 10
INFO     2000026764 – xong slide 11
WARNING  2000034678 – không tìm <ul>
WARNING  2000034678 – thiếu slide 10
WARNING  2000034678 – thiếu slide 11
WARNING  2000034678 – thiếu slide 12
WARNING  2000034678 – thiếu slide 13
WARNING  2000034678 – thiếu slide 14
WARNING  2000034678 – thiếu slide 15
INFO     2000034678 – xong slide 3
INFO     2000034678 – xong slide 1
INFO     2000034678 – xong slide 5
INFO     2000034678 – xong slide 6
INFO     2000034678 – xong slide 2
INFO     2000034678 – xong slide 8
INFO     2000034678 – xong slide 4
INFO     2000034678 – xong slide 9
INFO     2000034678 – xong slide 7
WARNING  2000034678 – không tìm <ul>
WARNING  2000034678 – thiếu slide 10
WARNING  2000034678 – thiếu slide 11
WARNING  2000034678 – thiếu slide 12
WARNING  2000034678 – thiếu slide 13
WARNING  2000034678 – thiếu slide 14
WARNING  2000034678 – thiếu slide 15
INFO     2000034678 – có sẵn slide 5
INFO     2000034678 – có sẵn slide 3
INFO     2000034678 – có sẵn slide 8
INFO     2000034678 – có sẵn slide 1
INFO     2000034678 – có sẵn slide 6
INFO     2000034678 – có sẵn slide 4
INFO     2000034678 – có sẵn slide 9
INFO     2000034678 – có sẵn slide 2
INFO     2000034678 – có sẵn slide 7
INFO     2218351 – đã lưu jp.txt & vi.txt
INFO     2218351 – xong slide 15
INFO     2218351 – xong slide 1
INFO     2218351 – xong slide 13
INFO     2218351 – xong slide 11
INFO     2218351 – xong slide 8
INFO     2218351 – xong slide 10
INFO     2218351 – xong slide 4
INFO     2218351 – xong slide 14
INFO     2218351 – xong slide 3
INFO     2218351 – xong slide 6
INFO     2218351 – xong slide 12
INFO     2218351 – xong slide 7
INFO     2218351 – xong slide 2
INFO     2218351 – xong slide 5
INFO     2218351 – xong slide 9
INFO     2218351 – đã lưu jp.txt & vi.txt
INFO     2218351 – xong slide 15
INFO     2218351 – xong slide 13
INFO     2218351 – xong slide 1
INFO     2218351 – xong slide 11
INFO     2218351 – xong slide 8
INFO     2218351 – xong slide 4
INFO     2218351 – xong slide 10
INFO     2218351 – xong slide 6
INFO     2218351 – xong slide 7
INFO     2218351 – xong slide 14
INFO     2218351 – xong slide 2
INFO     2218351 – xong slide 3
INFO     2218351 – xong slide 12
INFO     2218351 – xong slide 5
INFO     2218351 – xong slide 9
INFO     2219643 – đã lưu jp.txt & vi.txt
INFO     2220144 – đã lưu jp.txt & vi.txt
WARNING  2220144 – thiếu slide 14
WARNING  2220144 – thiếu slide 15
